<?xml version="1.0" encoding="UTF-8"?>
<!-- Generated by org.testng.reporters.JUnitXMLReporter -->
<testsuite ignored="1" hostname="Sumaiyas-MacBook-Pro.local" failures="0" tests="1" name="Exercise Test" time="0.041" errors="0" timestamp="2021-04-15T11:29:43 IST">
  <testcase classname="project.Exercise" name="loginTestCase" time="0.0"/>
  <testcase classname="project.Exercise" name="userNameTest" time="0.0">
    <ignored/>
  </testcase> <!-- userNameTest -->
</testsuite> <!-- Exercise Test -->
